<?xml version="1.0" encoding="UTF-8"?>
<coverage generated="1673713040824" clover="3.2.0">
  <project timestamp="1673713040824" name="All files">
    <metrics statements="13" coveredstatements="12" conditionals="6" coveredconditionals="4" methods="2" coveredmethods="2" elements="21" coveredelements="18" complexity="0" loc="13" ncloc="13" packages="2" files="2" classes="2"/>
    <package name="crud-api">
      <metrics statements="10" coveredstatements="9" conditionals="6" coveredconditionals="4" methods="2" coveredmethods="2"/>
      <file name="config.ts" path="D:\nodeJs\crud-api\config.ts">
        <metrics statements="10" coveredstatements="9" conditionals="6" coveredconditionals="4" methods="2" coveredmethods="2"/>
        <line num="4" count="1" type="stmt"/>
        <line num="20" count="1" type="stmt"/>
        <line num="21" count="1" type="stmt"/>
        <line num="30" count="1" type="stmt"/>
        <line num="31" count="1" type="stmt"/>
        <line num="32" count="4" type="cond" truecount="1" falsecount="1"/>
        <line num="33" count="0" type="stmt"/>
        <line num="36" count="1" type="stmt"/>
        <line num="39" count="1" type="stmt"/>
        <line num="41" count="1" type="stmt"/>
      </file>
    </package>
    <package name="crud-api.test">
      <metrics statements="3" coveredstatements="3" conditionals="0" coveredconditionals="0" methods="0" coveredmethods="0"/>
      <file name="constants.ts" path="D:\nodeJs\crud-api\test\constants.ts">
        <metrics statements="3" coveredstatements="3" conditionals="0" coveredconditionals="0" methods="0" coveredmethods="0"/>
        <line num="5" count="1" type="stmt"/>
        <line num="7" count="1" type="stmt"/>
        <line num="9" count="1" type="stmt"/>
      </file>
    </package>
  </project>
</coverage>
