{"D:\\nodeJs\\crud-api\\config.ts": {"path":"D:\\nodeJs\\crud-api\\config.ts","statementMap":{"0":{"start":{"line":4,"column":0},"end":{"line":4,"column":59}},"1":{"start":{"line":20,"column":18},"end":{"line":27,"column":1}},"2":{"start":{"line":21,"column":4},"end":{"line":26,"column":6}},"3":{"start":{"line":30,"column":27},"end":{"line":37,"column":1}},"4":{"start":{"line":31,"column":4},"end":{"line":35,"column":5}},"5":{"start":{"line":32,"column":8},"end":{"line":34,"column":9}},"6":{"start":{"line":33,"column":12},"end":{"line":33,"column":64}},"7":{"start":{"line":36,"column":4},"end":{"line":36,"column":28}},"8":{"start":{"line":39,"column":15},"end":{"line":39,"column":26}},"9":{"start":{"line":41,"column":23},"end":{"line":41,"column":49}}},"fnMap":{"0":{"name":"(anonymous_0)","decl":{"start":{"line":20,"column":18},"end":{"line":20,"column":19}},"loc":{"start":{"line":20,"column":29},"end":{"line":27,"column":1}},"line":20},"1":{"name":"(anonymous_1)","decl":{"start":{"line":30,"column":27},"end":{"line":30,"column":28}},"loc":{"start":{"line":30,"column":52},"end":{"line":37,"column":1}},"line":30}},"branchMap":{"0":{"loc":{"start":{"line":23,"column":14},"end":{"line":23,"column":64}},"type":"cond-expr","locations":[{"start":{"line":23,"column":33},"end":{"line":23,"column":57}},{"start":{"line":23,"column":60},"end":{"line":23,"column":64}}],"line":23},"1":{"loc":{"start":{"line":25,"column":14},"end":{"line":25,"column":45}},"type":"binary-expr","locations":[{"start":{"line":25,"column":14},"end":{"line":25,"column":30}},{"start":{"line":25,"column":34},"end":{"line":25,"column":45}}],"line":25},"2":{"loc":{"start":{"line":32,"column":8},"end":{"line":34,"column":9}},"type":"if","locations":[{"start":{"line":32,"column":8},"end":{"line":34,"column":9}},{"start":{},"end":{}}],"line":32}},"s":{"0":1,"1":1,"2":1,"3":1,"4":1,"5":4,"6":0,"7":1,"8":1,"9":1},"f":{"0":1,"1":1},"b":{"0":[1,0],"1":[1,1],"2":[0,4]},"_coverageSchema":"1a1c01bbd47fc00a2c39e90264f33305004495a9","hash":"5ddd02c442c89184a46be8887780ea346ff1a60b"}
,"D:\\nodeJs\\crud-api\\test\\constants.ts": {"path":"D:\\nodeJs\\crud-api\\test\\constants.ts","statementMap":{"0":{"start":{"line":5,"column":32},"end":{"line":5,"column":38}},"1":{"start":{"line":7,"column":24},"end":{"line":7,"column":59}},"2":{"start":{"line":9,"column":39},"end":{"line":20,"column":1}}},"fnMap":{},"branchMap":{},"s":{"0":1,"1":1,"2":1},"f":{},"b":{},"_coverageSchema":"1a1c01bbd47fc00a2c39e90264f33305004495a9","hash":"6a509f1e981c3045a8674576522d9bcab4c5559b"}
}
